u'http://xmlweather.vedur.is/?op_w=xml&type=obs&view=xml&params=T;TD;D;F;FX;FG;N;V;W;P;RH;R;SNC;SND;SED&ids=422&time=3h&lang=en'
{'D': u'WNW',
 'F': u'1',
 'FG': u'8',
 'FX': u'5',
 'N': u'75',
 'P': u'1024',
 'R': u'0.0',
 'RH': u'91',
 'SED': None,
 'SNC': None,
 'SND': None,
 'T': u'1.3',
 'TD': u'0.1',
 'V': u'40',
 'W': u'Light sleet',
 'err': None,
 'link': u'http://en.vedur.is/weather/observations/areas/northeast/#group=15&station=422',
 'name': u'Akureyri',
 'time': u'2012-12-08 21:00:00'}
u'http://xmlweather.vedur.is/?op_w=xml&type=obs&view=xml&params=T;TD;D;F;FX;FG;N;V;W;P;RH;R;SNC;SND;SED&ids=425&time=3h&lang=en'
{'D': u'NE',
 'F': u'3',
 'FG': u'10',
 'FX': u'5',
 'N': u'100',
 'P': None,
 'R': None,
 'RH': u'95',
 'SED': None,
 'SNC': None,
 'SND': None,
 'T': u'0.4',
 'TD': u'-0.2',
 'V': u'>70',
 'W': u'Overcast',
 'err': None,
 'link': u'http://en.vedur.is/weather/observations/areas/northeast/#group=15&station=425',
 'name': u'Torfur',
 'time': u'2012-12-08 21:00:00'}
u'http://xmlweather.vedur.is/?op_w=xml&type=obs&view=xml&params=T;TD;D;F;FX;FG;N;V;W;P;RH;R;SNC;SND;SED&ids=1&time=3h&lang=en'
{'D': u'S',
 'F': u'2',
 'FG': u'5',
 'FX': u'3',
 'N': u'13',
 'P': u'1022',
 'R': u'0.0',
 'RH': u'76',
 'SED': None,
 'SNC': None,
 'SND': None,
 'T': u'-1.0',
 'TD': u'-4.6',
 'V': u'>70',
 'W': u'Clear sky',
 'err': None,
 'link': u'http://en.vedur.is/weather/observations/areas/reykjavik/#group=100&station=1',
 'name': u'Reykjav\xedk',
 'time': u'2012-12-08 21:00:00'}
No new weather observations
u'http://xmlweather.vedur.is/?op_w=xml&type=obs&view=xml&params=T;TD;D;F;FX;FG;N;V;W;P;RH;R;SNC;SND;SED&ids=422&time=3h&lang=en'
{'D': u'WNW',
 'F': u'1',
 'FG': u'8',
 'FX': u'5',
 'N': u'75',
 'P': u'1024',
 'R': u'0.0',
 'RH': u'91',
 'SED': None,
 'SNC': None,
 'SND': None,
 'T': u'1.3',
 'TD': u'0.1',
 'V': u'40',
 'W': u'Light sleet',
 'err': None,
 'link': u'http://en.vedur.is/weather/observations/areas/northeast/#group=15&station=422',
 'name': u'Akureyri',
 'time': u'2012-12-08 21:00:00'}
u'http://xmlweather.vedur.is/?op_w=xml&type=obs&view=xml&params=T;TD;D;F;FX;FG;N;V;W;P;RH;R;SNC;SND;SED&ids=425&time=3h&lang=en'
{'D': u'NE',
 'F': u'3',
 'FG': u'10',
 'FX': u'5',
 'N': u'100',
 'P': None,
 'R': None,
 'RH': u'95',
 'SED': None,
 'SNC': None,
 'SND': None,
 'T': u'0.4',
 'TD': u'-0.2',
 'V': u'>70',
 'W': u'Overcast',
 'err': None,
 'link': u'http://en.vedur.is/weather/observations/areas/northeast/#group=15&station=425',
 'name': u'Torfur',
 'time': u'2012-12-08 21:00:00'}
u'http://xmlweather.vedur.is/?op_w=xml&type=obs&view=xml&params=T;TD;D;F;FX;FG;N;V;W;P;RH;R;SNC;SND;SED&ids=1&time=3h&lang=en'
{'D': u'S',
 'F': u'2',
 'FG': u'5',
 'FX': u'3',
 'N': u'13',
 'P': u'1022',
 'R': u'0.0',
 'RH': u'76',
 'SED': None,
 'SNC': None,
 'SND': None,
 'T': u'-1.0',
 'TD': u'-4.6',
 'V': u'>70',
 'W': u'Clear sky',
 'err': None,
 'link': u'http://en.vedur.is/weather/observations/areas/reykjavik/#group=100&station=1',
 'name': u'Reykjav\xedk',
 'time': u'2012-12-08 21:00:00'}
No new weather observations
u'http://xmlweather.vedur.is/?op_w=xml&type=obs&view=xml&params=T;TD;D;F;FX;FG;N;V;W;P;RH;R;SNC;SND;SED&ids=422&time=3h&lang=en'
{'D': u'WNW',
 'F': u'1',
 'FG': u'8',
 'FX': u'5',
 'N': u'75',
 'P': u'1024',
 'R': u'0.0',
 'RH': u'91',
 'SED': None,
 'SNC': None,
 'SND': None,
 'T': u'1.3',
 'TD': u'0.1',
 'V': u'40',
 'W': u'Light sleet',
 'err': None,
 'link': u'http://en.vedur.is/weather/observations/areas/northeast/#group=15&station=422',
 'name': u'Akureyri',
 'time': u'2012-12-08 21:00:00'}
u'http://xmlweather.vedur.is/?op_w=xml&type=obs&view=xml&params=T;TD;D;F;FX;FG;N;V;W;P;RH;R;SNC;SND;SED&ids=422&time=3h&lang=en'
{'D': u'WNW',
 'F': u'1',
 'FG': u'8',
 'FX': u'5',
 'N': u'75',
 'P': u'1024',
 'R': u'0.0',
 'RH': u'91',
 'SED': None,
 'SNC': None,
 'SND': None,
 'T': u'1.3',
 'TD': u'0.1',
 'V': u'40',
 'W': u'Light sleet',
 'err': None,
 'link': u'http://en.vedur.is/weather/observations/areas/northeast/#group=15&station=422',
 'name': u'Akureyri',
 'time': u'2012-12-08 21:00:00'}
u'http://xmlweather.vedur.is/?op_w=xml&type=obs&view=xml&params=T;TD;D;F;FX;FG;N;V;W;P;RH;R;SNC;SND;SED&ids=422&time=3h&lang=en'
{'D': u'WNW',
 'F': u'1',
 'FG': u'8',
 'FX': u'5',
 'N': u'75',
 'P': u'1024',
 'R': u'0.0',
 'RH': u'91',
 'SED': None,
 'SNC': None,
 'SND': None,
 'T': u'1.3',
 'TD': u'0.1',
 'V': u'40',
 'W': u'Light sleet',
 'err': None,
 'link': u'http://en.vedur.is/weather/observations/areas/northeast/#group=15&station=422',
 'name': u'Akureyri',
 'time': u'2012-12-08 21:00:00'}
u'http://xmlweather.vedur.is/?op_w=xml&type=obs&view=xml&params=T;TD;D;F;FX;FG;N;V;W;P;RH;R;SNC;SND;SED&ids=422&time=3h&lang=en'
{'D': u'WNW',
 'F': u'1',
 'FG': u'8',
 'FX': u'5',
 'N': u'75',
 'P': u'1024',
 'R': u'0.0',
 'RH': u'91',
 'SED': None,
 'SNC': None,
 'SND': None,
 'T': u'1.3',
 'TD': u'0.1',
 'V': u'40',
 'W': u'Light sleet',
 'err': None,
 'link': u'http://en.vedur.is/weather/observations/areas/northeast/#group=15&station=422',
 'name': u'Akureyri',
 'time': u'2012-12-08 21:00:00'}
u'http://xmlweather.vedur.is/?op_w=xml&type=obs&view=xml&params=T;TD;D;F;FX;FG;N;V;W;P;RH;R;SNC;SND;SED&ids=422&time=3h&lang=en'
{'D': u'WNW',
 'F': u'1',
 'FG': u'8',
 'FX': u'5',
 'N': u'75',
 'P': u'1024',
 'R': u'0.0',
 'RH': u'91',
 'SED': None,
 'SNC': None,
 'SND': None,
 'T': u'1.3',
 'TD': u'0.1',
 'V': u'40',
 'W': u'Light sleet',
 'err': None,
 'link': u'http://en.vedur.is/weather/observations/areas/northeast/#group=15&station=422',
 'name': u'Akureyri',
 'time': u'2012-12-08 21:00:00'}
u'http://xmlweather.vedur.is/?op_w=xml&type=obs&view=xml&params=T;TD;D;F;FX;FG;N;V;W;P;RH;R;SNC;SND;SED&ids=422&time=3h&lang=en'
{'D': u'WNW',
 'F': u'1',
 'FG': u'8',
 'FX': u'5',
 'N': u'75',
 'P': u'1024',
 'R': u'0.0',
 'RH': u'91',
 'SED': None,
 'SNC': None,
 'SND': None,
 'T': u'1.3',
 'TD': u'0.1',
 'V': u'40',
 'W': u'Light sleet',
 'err': None,
 'link': u'http://en.vedur.is/weather/observations/areas/northeast/#group=15&station=422',
 'name': u'Akureyri',
 'time': u'2012-12-08 21:00:00'}
u'http://xmlweather.vedur.is/?op_w=xml&type=obs&view=xml&params=T;TD;D;F;FX;FG;N;V;W;P;RH;R;SNC;SND;SED&ids=422&time=3h&lang=en'
{'D': u'WNW',
 'F': u'1',
 'FG': u'8',
 'FX': u'5',
 'N': u'75',
 'P': u'1024',
 'R': u'0.0',
 'RH': u'91',
 'SED': None,
 'SNC': None,
 'SND': None,
 'T': u'1.3',
 'TD': u'0.1',
 'V': u'40',
 'W': u'Light sleet',
 'err': None,
 'link': u'http://en.vedur.is/weather/observations/areas/northeast/#group=15&station=422',
 'name': u'Akureyri',
 'time': u'2012-12-08 21:00:00'}
u'http://xmlweather.vedur.is/?op_w=xml&type=obs&view=xml&params=T;TD;D;F;FX;FG;N;V;W;P;RH;R;SNC;SND;SED&ids=422&time=3h&lang=en'
{'D': u'WNW',
 'F': u'1',
 'FG': u'8',
 'FX': u'5',
 'N': u'75',
 'P': u'1024',
 'R': u'0.0',
 'RH': u'91',
 'SED': None,
 'SNC': None,
 'SND': None,
 'T': u'1.3',
 'TD': u'0.1',
 'V': u'40',
 'W': u'Light sleet',
 'err': None,
 'link': u'http://en.vedur.is/weather/observations/areas/northeast/#group=15&station=422',
 'name': u'Akureyri',
 'time': u'2012-12-08 21:00:00'}
u'http://xmlweather.vedur.is/?op_w=xml&type=obs&view=xml&params=T;TD;D;F;FX;FG;N;V;W;P;RH;R;SNC;SND;SED&ids=422&time=3h&lang=en'
{'D': u'WNW',
 'F': u'1',
 'FG': u'8',
 'FX': u'5',
 'N': u'75',
 'P': u'1024',
 'R': u'0.0',
 'RH': u'91',
 'SED': None,
 'SNC': None,
 'SND': None,
 'T': u'1.3',
 'TD': u'0.1',
 'V': u'40',
 'W': u'Light sleet',
 'err': None,
 'link': u'http://en.vedur.is/weather/observations/areas/northeast/#group=15&station=422',
 'name': u'Akureyri',
 'time': u'2012-12-08 21:00:00'}
u'http://xmlweather.vedur.is/?op_w=xml&type=obs&view=xml&params=T;TD;D;F;FX;FG;N;V;W;P;RH;R;SNC;SND;SED&ids=422&time=3h&lang=en'
{'D': u'WNW',
 'F': u'1',
 'FG': u'8',
 'FX': u'5',
 'N': u'75',
 'P': u'1024',
 'R': u'0.0',
 'RH': u'91',
 'SED': None,
 'SNC': None,
 'SND': None,
 'T': u'1.3',
 'TD': u'0.1',
 'V': u'40',
 'W': u'Light sleet',
 'err': None,
 'link': u'http://en.vedur.is/weather/observations/areas/northeast/#group=15&station=422',
 'name': u'Akureyri',
 'time': u'2012-12-08 21:00:00'}
u'http://xmlweather.vedur.is/?op_w=xml&type=obs&view=xml&params=T;TD;D;F;FX;FG;N;V;W;P;RH;R;SNC;SND;SED&ids=422&time=3h&lang=en'
{'D': u'WNW',
 'F': u'1',
 'FG': u'8',
 'FX': u'5',
 'N': u'75',
 'P': u'1024',
 'R': u'0.0',
 'RH': u'91',
 'SED': None,
 'SNC': None,
 'SND': None,
 'T': u'1.3',
 'TD': u'0.1',
 'V': u'40',
 'W': u'Light sleet',
 'err': None,
 'link': u'http://en.vedur.is/weather/observations/areas/northeast/#group=15&station=422',
 'name': u'Akureyri',
 'time': u'2012-12-08 21:00:00'}
u'http://xmlweather.vedur.is/?op_w=xml&type=obs&view=xml&params=T;TD;D;F;FX;FG;N;V;W;P;RH;R;SNC;SND;SED&ids=422&time=3h&lang=en'
{'D': u'WNW',
 'F': u'1',
 'FG': u'8',
 'FX': u'5',
 'N': u'75',
 'P': u'1024',
 'R': u'0.0',
 'RH': u'91',
 'SED': None,
 'SNC': None,
 'SND': None,
 'T': u'1.3',
 'TD': u'0.1',
 'V': u'40',
 'W': u'Light sleet',
 'err': None,
 'link': u'http://en.vedur.is/weather/observations/areas/northeast/#group=15&station=422',
 'name': u'Akureyri',
 'time': u'2012-12-08 21:00:00'}
u'http://xmlweather.vedur.is/?op_w=xml&type=obs&view=xml&params=T;TD;D;F;FX;FG;N;V;W;P;RH;R;SNC;SND;SED&ids=422&time=3h&lang=en'
{'D': u'WNW',
 'F': u'1',
 'FG': u'8',
 'FX': u'5',
 'N': u'75',
 'P': u'1024',
 'R': u'0.0',
 'RH': u'91',
 'SED': None,
 'SNC': None,
 'SND': None,
 'T': u'1.3',
 'TD': u'0.1',
 'V': u'40',
 'W': u'Light sleet',
 'err': None,
 'link': u'http://en.vedur.is/weather/observations/areas/northeast/#group=15&station=422',
 'name': u'Akureyri',
 'time': u'2012-12-08 21:00:00'}
u'http://xmlweather.vedur.is/?op_w=xml&type=obs&view=xml&params=T;TD;D;F;FX;FG;N;V;W;P;RH;R;SNC;SND;SED&ids=422&time=3h&lang=en'
{'D': u'WNW',
 'F': u'1',
 'FG': u'8',
 'FX': u'5',
 'N': u'75',
 'P': u'1024',
 'R': u'0.0',
 'RH': u'91',
 'SED': None,
 'SNC': None,
 'SND': None,
 'T': u'1.3',
 'TD': u'0.1',
 'V': u'40',
 'W': u'Light sleet',
 'err': None,
 'link': u'http://en.vedur.is/weather/observations/areas/northeast/#group=15&station=422',
 'name': u'Akureyri',
 'time': u'2012-12-08 21:00:00'}
u'http://xmlweather.vedur.is/?op_w=xml&type=obs&view=xml&params=T;TD;D;F;FX;FG;N;V;W;P;RH;R;SNC;SND;SED&ids=422&time=3h&lang=en'
{'D': u'WNW',
 'F': u'1',
 'FG': u'8',
 'FX': u'5',
 'N': u'75',
 'P': u'1024',
 'R': u'0.0',
 'RH': u'91',
 'SED': None,
 'SNC': None,
 'SND': None,
 'T': u'1.3',
 'TD': u'0.1',
 'V': u'40',
 'W': u'Light sleet',
 'err': None,
 'link': u'http://en.vedur.is/weather/observations/areas/northeast/#group=15&station=422',
 'name': u'Akureyri',
 'time': u'2012-12-08 21:00:00'}
u'http://xmlweather.vedur.is/?op_w=xml&type=obs&view=xml&params=T;TD;D;F;FX;FG;N;V;W;P;RH;R;SNC;SND;SED&ids=422&time=3h&lang=en'
{'D': u'WNW',
 'F': u'1',
 'FG': u'8',
 'FX': u'5',
 'N': u'75',
 'P': u'1024',
 'R': u'0.0',
 'RH': u'91',
 'SED': None,
 'SNC': None,
 'SND': None,
 'T': u'1.3',
 'TD': u'0.1',
 'V': u'40',
 'W': u'Light sleet',
 'err': None,
 'link': u'http://en.vedur.is/weather/observations/areas/northeast/#group=15&station=422',
 'name': u'Akureyri',
 'time': u'2012-12-08 21:00:00'}
u'http://xmlweather.vedur.is/?op_w=xml&type=obs&view=xml&params=T;TD;D;F;FX;FG;N;V;W;P;RH;R;SNC;SND;SED&ids=422&time=3h&lang=en'
{'D': u'WNW',
 'F': u'1',
 'FG': u'8',
 'FX': u'5',
 'N': u'75',
 'P': u'1024',
 'R': u'0.0',
 'RH': u'91',
 'SED': None,
 'SNC': None,
 'SND': None,
 'T': u'1.3',
 'TD': u'0.1',
 'V': u'40',
 'W': u'Light sleet',
 'err': None,
 'link': u'http://en.vedur.is/weather/observations/areas/northeast/#group=15&station=422',
 'name': u'Akureyri',
 'time': u'2012-12-08 21:00:00'}
u'http://xmlweather.vedur.is/?op_w=xml&type=obs&view=xml&params=T;TD;D;F;FX;FG;N;V;W;P;RH;R;SNC;SND;SED&ids=422&time=3h&lang=en'
{'D': u'WNW',
 'F': u'1',
 'FG': u'8',
 'FX': u'5',
 'N': u'75',
 'P': u'1024',
 'R': u'0.0',
 'RH': u'91',
 'SED': None,
 'SNC': None,
 'SND': None,
 'T': u'1.3',
 'TD': u'0.1',
 'V': u'40',
 'W': u'Light sleet',
 'err': None,
 'link': u'http://en.vedur.is/weather/observations/areas/northeast/#group=15&station=422',
 'name': u'Akureyri',
 'time': u'2012-12-08 21:00:00'}
u'http://xmlweather.vedur.is/?op_w=xml&type=obs&view=xml&params=T;TD;D;F;FX;FG;N;V;W;P;RH;R;SNC;SND;SED&ids=422&time=3h&lang=en'
{'D': u'WNW',
 'F': u'1',
 'FG': u'8',
 'FX': u'5',
 'N': u'75',
 'P': u'1024',
 'R': u'0.0',
 'RH': u'91',
 'SED': None,
 'SNC': None,
 'SND': None,
 'T': u'1.3',
 'TD': u'0.1',
 'V': u'40',
 'W': u'Light sleet',
 'err': None,
 'link': u'http://en.vedur.is/weather/observations/areas/northeast/#group=15&station=422',
 'name': u'Akureyri',
 'time': u'2012-12-08 21:00:00'}
u'http://xmlweather.vedur.is/?op_w=xml&type=obs&view=xml&params=T;TD;D;F;FX;FG;N;V;W;P;RH;R;SNC;SND;SED&ids=422&time=3h&lang=en'
{'D': u'WNW',
 'F': u'1',
 'FG': u'8',
 'FX': u'5',
 'N': u'75',
 'P': u'1024',
 'R': u'0.0',
 'RH': u'91',
 'SED': None,
 'SNC': None,
 'SND': None,
 'T': u'1.3',
 'TD': u'0.1',
 'V': u'40',
 'W': u'Light sleet',
 'err': None,
 'link': u'http://en.vedur.is/weather/observations/areas/northeast/#group=15&station=422',
 'name': u'Akureyri',
 'time': u'2012-12-08 21:00:00'}
u'http://xmlweather.vedur.is/?op_w=xml&type=obs&view=xml&params=T;TD;D;F;FX;FG;N;V;W;P;RH;R;SNC;SND;SED&ids=422&time=3h&lang=en'
{'D': u'WNW',
 'F': u'1',
 'FG': u'8',
 'FX': u'5',
 'N': u'75',
 'P': u'1024',
 'R': u'0.0',
 'RH': u'91',
 'SED': None,
 'SNC': None,
 'SND': None,
 'T': u'1.3',
 'TD': u'0.1',
 'V': u'40',
 'W': u'Light sleet',
 'err': None,
 'link': u'http://en.vedur.is/weather/observations/areas/northeast/#group=15&station=422',
 'name': u'Akureyri',
 'time': u'2012-12-08 21:00:00'}
